#-----------------------------------------------------------
# Vivado v2016.2 (64-bit)
# SW Build 1577090 on Thu Jun  2 16:32:40 MDT 2016
# IP Build 1577682 on Fri Jun  3 12:00:54 MDT 2016
# Start of session at: Thu Jul 08 13:36:31 2021
# Process ID: 15752
# Current directory: C:/Users/1234/Desktop/digit logical shortcut/54cpu-rboard
# Command line: vivado.exe -gui_launcher_event rodinguilauncherevent26708 C:\Users\1234\Desktop\digit logical shortcut\54cpu-rboard\54cpu.xpr
# Log file: C:/Users/1234/Desktop/digit logical shortcut/54cpu-rboard/vivado.log
# Journal file: C:/Users/1234/Desktop/digit logical shortcut/54cpu-rboard\vivado.jou
#-----------------------------------------------------------
start_gui
open_project {C:/Users/1234/Desktop/digit logical shortcut/54cpu-rboard/54cpu.xpr}
INFO: [Project 1-313] Project file moved from 'C:/Users/1234/Desktop/digit logical shortcut/54cpu-board - ¸±±¾' since last save.
Scanning sources...
Finished scanning sources
WARNING: [filemgmt 56-3] IP Repository Path: Could not find the directory 'C:/Users/1234/Desktop/digit logical shortcut/ip_repo/myip_1.0'.
INFO: [IP_Flow 19-234] Refreshing IP repositories
WARNING: [IP_Flow 19-2248] Failed to load user IP repository 'c:/Users/1234/Desktop/digit logical shortcut/ip_repo/myip_1.0'; Can't find the specified path.
If this directory should no longer be in your list of user repositories, go to the IP Settings dialog and remove it.
INFO: [IP_Flow 19-2313] Loaded Vivado IP repository 'C:/Xilinx/Vivado/2016.2/data/ip'.
open_project: Time (s): cpu = 00:00:21 ; elapsed = 00:00:08 . Memory (MB): peak = 836.785 ; gain = 148.355
update_compile_order -fileset sources_1
update_compile_order -fileset sources_1
open_run synth_1 -name synth_1
Design is defaulting to impl run constrset: constrs_1
Design is defaulting to synth run part: xc7a100tcsg324-1
INFO: [Project 1-454] Reading design checkpoint 'c:/Users/1234/Desktop/digit logical shortcut/54cpu-rboard/54cpu.srcs/sources_1/ip/imem/imem.dcp' for cell 'imem'
INFO: [Netlist 29-17] Analyzing 292 Unisim elements for replacement
INFO: [Netlist 29-28] Unisim Transformation completed in 0 CPU seconds
INFO: [Project 1-479] Netlist was created with Vivado 2016.2
INFO: [Device 21-403] Loading part xc7a100tcsg324-1
INFO: [Project 1-570] Preparing netlist for logic optimization
Parsing XDC File [C:/Users/1234/Desktop/digit logical shortcut/54cpu-rboard/54cpu.srcs/sources_1/cpu_constraints.xdc]
WARNING: [Vivado 12-584] No ports matched 'o_seg[6]'. [C:/Users/1234/Desktop/digit logical shortcut/54cpu-rboard/54cpu.srcs/sources_1/cpu_constraints.xdc:1]
CRITICAL WARNING: [Common 17-55] 'set_property' expects at least one object. [C:/Users/1234/Desktop/digit logical shortcut/54cpu-rboard/54cpu.srcs/sources_1/cpu_constraints.xdc:1]
Resolution: If [get_<value>] was used to populate the object, check to make sure this command returns at least one valid object.
WARNING: [Vivado 12-584] No ports matched 'o_seg[5]'. [C:/Users/1234/Desktop/digit logical shortcut/54cpu-rboard/54cpu.srcs/sources_1/cpu_constraints.xdc:2]
CRITICAL WARNING: [Common 17-55] 'set_property' expects at least one object. [C:/Users/1234/Desktop/digit logical shortcut/54cpu-rboard/54cpu.srcs/sources_1/cpu_constraints.xdc:2]
Resolution: If [get_<value>] was used to populate the object, check to make sure this command returns at least one valid object.
WARNING: [Vivado 12-584] No ports matched 'o_seg[4]'. [C:/Users/1234/Desktop/digit logical shortcut/54cpu-rboard/54cpu.srcs/sources_1/cpu_constraints.xdc:3]
CRITICAL WARNING: [Common 17-55] 'set_property' expects at least one object. [C:/Users/1234/Desktop/digit logical shortcut/54cpu-rboard/54cpu.srcs/sources_1/cpu_constraints.xdc:3]
Resolution: If [get_<value>] was used to populate the object, check to make sure this command returns at least one valid object.
WARNING: [Vivado 12-584] No ports matched 'o_seg[3]'. [C:/Users/1234/Desktop/digit logical shortcut/54cpu-rboard/54cpu.srcs/sources_1/cpu_constraints.xdc:4]
CRITICAL WARNING: [Common 17-55] 'set_property' expects at least one object. [C:/Users/1234/Desktop/digit logical shortcut/54cpu-rboard/54cpu.srcs/sources_1/cpu_constraints.xdc:4]
Resolution: If [get_<value>] was used to populate the object, check to make sure this command returns at least one valid object.
WARNING: [Vivado 12-584] No ports matched 'o_seg[2]'. [C:/Users/1234/Desktop/digit logical shortcut/54cpu-rboard/54cpu.srcs/sources_1/cpu_constraints.xdc:5]
CRITICAL WARNING: [Common 17-55] 'set_property' expects at least one object. [C:/Users/1234/Desktop/digit logical shortcut/54cpu-rboard/54cpu.srcs/sources_1/cpu_constraints.xdc:5]
Resolution: If [get_<value>] was used to populate the object, check to make sure this command returns at least one valid object.
WARNING: [Vivado 12-584] No ports matched 'o_seg[1]'. [C:/Users/1234/Desktop/digit logical shortcut/54cpu-rboard/54cpu.srcs/sources_1/cpu_constraints.xdc:6]
CRITICAL WARNING: [Common 17-55] 'set_property' expects at least one object. [C:/Users/1234/Desktop/digit logical shortcut/54cpu-rboard/54cpu.srcs/sources_1/cpu_constraints.xdc:6]
Resolution: If [get_<value>] was used to populate the object, check to make sure this command returns at least one valid object.
WARNING: [Vivado 12-584] No ports matched 'o_seg[0]'. [C:/Users/1234/Desktop/digit logical shortcut/54cpu-rboard/54cpu.srcs/sources_1/cpu_constraints.xdc:7]
CRITICAL WARNING: [Common 17-55] 'set_property' expects at least one object. [C:/Users/1234/Desktop/digit logical shortcut/54cpu-rboard/54cpu.srcs/sources_1/cpu_constraints.xdc:7]
Resolution: If [get_<value>] was used to populate the object, check to make sure this command returns at least one valid object.
WARNING: [Vivado 12-584] No ports matched 'o_seg[7]'. [C:/Users/1234/Desktop/digit logical shortcut/54cpu-rboard/54cpu.srcs/sources_1/cpu_constraints.xdc:8]
CRITICAL WARNING: [Common 17-55] 'set_property' expects at least one object. [C:/Users/1234/Desktop/digit logical shortcut/54cpu-rboard/54cpu.srcs/sources_1/cpu_constraints.xdc:8]
Resolution: If [get_<value>] was used to populate the object, check to make sure this command returns at least one valid object.
WARNING: [Vivado 12-584] No ports matched 'o_sel[6]'. [C:/Users/1234/Desktop/digit logical shortcut/54cpu-rboard/54cpu.srcs/sources_1/cpu_constraints.xdc:10]
CRITICAL WARNING: [Common 17-55] 'set_property' expects at least one object. [C:/Users/1234/Desktop/digit logical shortcut/54cpu-rboard/54cpu.srcs/sources_1/cpu_constraints.xdc:10]
Resolution: If [get_<value>] was used to populate the object, check to make sure this command returns at least one valid object.
WARNING: [Vivado 12-584] No ports matched 'o_sel[5]'. [C:/Users/1234/Desktop/digit logical shortcut/54cpu-rboard/54cpu.srcs/sources_1/cpu_constraints.xdc:11]
CRITICAL WARNING: [Common 17-55] 'set_property' expects at least one object. [C:/Users/1234/Desktop/digit logical shortcut/54cpu-rboard/54cpu.srcs/sources_1/cpu_constraints.xdc:11]
Resolution: If [get_<value>] was used to populate the object, check to make sure this command returns at least one valid object.
WARNING: [Vivado 12-584] No ports matched 'o_sel[4]'. [C:/Users/1234/Desktop/digit logical shortcut/54cpu-rboard/54cpu.srcs/sources_1/cpu_constraints.xdc:12]
CRITICAL WARNING: [Common 17-55] 'set_property' expects at least one object. [C:/Users/1234/Desktop/digit logical shortcut/54cpu-rboard/54cpu.srcs/sources_1/cpu_constraints.xdc:12]
Resolution: If [get_<value>] was used to populate the object, check to make sure this command returns at least one valid object.
WARNING: [Vivado 12-584] No ports matched 'o_sel[3]'. [C:/Users/1234/Desktop/digit logical shortcut/54cpu-rboard/54cpu.srcs/sources_1/cpu_constraints.xdc:13]
CRITICAL WARNING: [Common 17-55] 'set_property' expects at least one object. [C:/Users/1234/Desktop/digit logical shortcut/54cpu-rboard/54cpu.srcs/sources_1/cpu_constraints.xdc:13]
Resolution: If [get_<value>] was used to populate the object, check to make sure this command returns at least one valid object.
WARNING: [Vivado 12-584] No ports matched 'o_sel[2]'. [C:/Users/1234/Desktop/digit logical shortcut/54cpu-rboard/54cpu.srcs/sources_1/cpu_constraints.xdc:14]
CRITICAL WARNING: [Common 17-55] 'set_property' expects at least one object. [C:/Users/1234/Desktop/digit logical shortcut/54cpu-rboard/54cpu.srcs/sources_1/cpu_constraints.xdc:14]
Resolution: If [get_<value>] was used to populate the object, check to make sure this command returns at least one valid object.
WARNING: [Vivado 12-584] No ports matched 'o_sel[1]'. [C:/Users/1234/Desktop/digit logical shortcut/54cpu-rboard/54cpu.srcs/sources_1/cpu_constraints.xdc:15]
CRITICAL WARNING: [Common 17-55] 'set_property' expects at least one object. [C:/Users/1234/Desktop/digit logical shortcut/54cpu-rboard/54cpu.srcs/sources_1/cpu_constraints.xdc:15]
Resolution: If [get_<value>] was used to populate the object, check to make sure this command returns at least one valid object.
WARNING: [Vivado 12-584] No ports matched 'o_sel[0]'. [C:/Users/1234/Desktop/digit logical shortcut/54cpu-rboard/54cpu.srcs/sources_1/cpu_constraints.xdc:16]
CRITICAL WARNING: [Common 17-55] 'set_property' expects at least one object. [C:/Users/1234/Desktop/digit logical shortcut/54cpu-rboard/54cpu.srcs/sources_1/cpu_constraints.xdc:16]
Resolution: If [get_<value>] was used to populate the object, check to make sure this command returns at least one valid object.
WARNING: [Vivado 12-584] No ports matched 'o_sel[7]'. [C:/Users/1234/Desktop/digit logical shortcut/54cpu-rboard/54cpu.srcs/sources_1/cpu_constraints.xdc:17]
CRITICAL WARNING: [Common 17-55] 'set_property' expects at least one object. [C:/Users/1234/Desktop/digit logical shortcut/54cpu-rboard/54cpu.srcs/sources_1/cpu_constraints.xdc:17]
Resolution: If [get_<value>] was used to populate the object, check to make sure this command returns at least one valid object.
WARNING: [Vivado 12-584] No ports matched 'sw[15]'. [C:/Users/1234/Desktop/digit logical shortcut/54cpu-rboard/54cpu.srcs/sources_1/cpu_constraints.xdc:18]
CRITICAL WARNING: [Common 17-55] 'set_property' expects at least one object. [C:/Users/1234/Desktop/digit logical shortcut/54cpu-rboard/54cpu.srcs/sources_1/cpu_constraints.xdc:18]
Resolution: If [get_<value>] was used to populate the object, check to make sure this command returns at least one valid object.
WARNING: [Vivado 12-584] No ports matched 'sw[14]'. [C:/Users/1234/Desktop/digit logical shortcut/54cpu-rboard/54cpu.srcs/sources_1/cpu_constraints.xdc:19]
CRITICAL WARNING: [Common 17-55] 'set_property' expects at least one object. [C:/Users/1234/Desktop/digit logical shortcut/54cpu-rboard/54cpu.srcs/sources_1/cpu_constraints.xdc:19]
Resolution: If [get_<value>] was used to populate the object, check to make sure this command returns at least one valid object.
WARNING: [Vivado 12-584] No ports matched 'sw[13]'. [C:/Users/1234/Desktop/digit logical shortcut/54cpu-rboard/54cpu.srcs/sources_1/cpu_constraints.xdc:20]
CRITICAL WARNING: [Common 17-55] 'set_property' expects at least one object. [C:/Users/1234/Desktop/digit logical shortcut/54cpu-rboard/54cpu.srcs/sources_1/cpu_constraints.xdc:20]
Resolution: If [get_<value>] was used to populate the object, check to make sure this command returns at least one valid object.
WARNING: [Vivado 12-584] No ports matched 'sw[12]'. [C:/Users/1234/Desktop/digit logical shortcut/54cpu-rboard/54cpu.srcs/sources_1/cpu_constraints.xdc:21]
CRITICAL WARNING: [Common 17-55] 'set_property' expects at least one object. [C:/Users/1234/Desktop/digit logical shortcut/54cpu-rboard/54cpu.srcs/sources_1/cpu_constraints.xdc:21]
Resolution: If [get_<value>] was used to populate the object, check to make sure this command returns at least one valid object.
WARNING: [Vivado 12-584] No ports matched 'sw[11]'. [C:/Users/1234/Desktop/digit logical shortcut/54cpu-rboard/54cpu.srcs/sources_1/cpu_constraints.xdc:22]
CRITICAL WARNING: [Common 17-55] 'set_property' expects at least one object. [C:/Users/1234/Desktop/digit logical shortcut/54cpu-rboard/54cpu.srcs/sources_1/cpu_constraints.xdc:22]
Resolution: If [get_<value>] was used to populate the object, check to make sure this command returns at least one valid object.
WARNING: [Vivado 12-584] No ports matched 'sw[10]'. [C:/Users/1234/Desktop/digit logical shortcut/54cpu-rboard/54cpu.srcs/sources_1/cpu_constraints.xdc:23]
CRITICAL WARNING: [Common 17-55] 'set_property' expects at least one object. [C:/Users/1234/Desktop/digit logical shortcut/54cpu-rboard/54cpu.srcs/sources_1/cpu_constraints.xdc:23]
Resolution: If [get_<value>] was used to populate the object, check to make sure this command returns at least one valid object.
WARNING: [Vivado 12-584] No ports matched 'sw[9]'. [C:/Users/1234/Desktop/digit logical shortcut/54cpu-rboard/54cpu.srcs/sources_1/cpu_constraints.xdc:24]
CRITICAL WARNING: [Common 17-55] 'set_property' expects at least one object. [C:/Users/1234/Desktop/digit logical shortcut/54cpu-rboard/54cpu.srcs/sources_1/cpu_constraints.xdc:24]
Resolution: If [get_<value>] was used to populate the object, check to make sure this command returns at least one valid object.
WARNING: [Vivado 12-584] No ports matched 'sw[8]'. [C:/Users/1234/Desktop/digit logical shortcut/54cpu-rboard/54cpu.srcs/sources_1/cpu_constraints.xdc:25]
CRITICAL WARNING: [Common 17-55] 'set_property' expects at least one object. [C:/Users/1234/Desktop/digit logical shortcut/54cpu-rboard/54cpu.srcs/sources_1/cpu_constraints.xdc:25]
Resolution: If [get_<value>] was used to populate the object, check to make sure this command returns at least one valid object.
WARNING: [Vivado 12-584] No ports matched 'sw[7]'. [C:/Users/1234/Desktop/digit logical shortcut/54cpu-rboard/54cpu.srcs/sources_1/cpu_constraints.xdc:26]
CRITICAL WARNING: [Common 17-55] 'set_property' expects at least one object. [C:/Users/1234/Desktop/digit logical shortcut/54cpu-rboard/54cpu.srcs/sources_1/cpu_constraints.xdc:26]
Resolution: If [get_<value>] was used to populate the object, check to make sure this command returns at least one valid object.
WARNING: [Vivado 12-584] No ports matched 'sw[6]'. [C:/Users/1234/Desktop/digit logical shortcut/54cpu-rboard/54cpu.srcs/sources_1/cpu_constraints.xdc:27]
CRITICAL WARNING: [Common 17-55] 'set_property' expects at least one object. [C:/Users/1234/Desktop/digit logical shortcut/54cpu-rboard/54cpu.srcs/sources_1/cpu_constraints.xdc:27]
Resolution: If [get_<value>] was used to populate the object, check to make sure this command returns at least one valid object.
WARNING: [Vivado 12-584] No ports matched 'sw[5]'. [C:/Users/1234/Desktop/digit logical shortcut/54cpu-rboard/54cpu.srcs/sources_1/cpu_constraints.xdc:28]
CRITICAL WARNING: [Common 17-55] 'set_property' expects at least one object. [C:/Users/1234/Desktop/digit logical shortcut/54cpu-rboard/54cpu.srcs/sources_1/cpu_constraints.xdc:28]
Resolution: If [get_<value>] was used to populate the object, check to make sure this command returns at least one valid object.
WARNING: [Vivado 12-584] No ports matched 'sw[4]'. [C:/Users/1234/Desktop/digit logical shortcut/54cpu-rboard/54cpu.srcs/sources_1/cpu_constraints.xdc:29]
CRITICAL WARNING: [Common 17-55] 'set_property' expects at least one object. [C:/Users/1234/Desktop/digit logical shortcut/54cpu-rboard/54cpu.srcs/sources_1/cpu_constraints.xdc:29]
Resolution: If [get_<value>] was used to populate the object, check to make sure this command returns at least one valid object.
WARNING: [Vivado 12-584] No ports matched 'sw[3]'. [C:/Users/1234/Desktop/digit logical shortcut/54cpu-rboard/54cpu.srcs/sources_1/cpu_constraints.xdc:30]
CRITICAL WARNING: [Common 17-55] 'set_property' expects at least one object. [C:/Users/1234/Desktop/digit logical shortcut/54cpu-rboard/54cpu.srcs/sources_1/cpu_constraints.xdc:30]
Resolution: If [get_<value>] was used to populate the object, check to make sure this command returns at least one valid object.
WARNING: [Vivado 12-584] No ports matched 'sw[2]'. [C:/Users/1234/Desktop/digit logical shortcut/54cpu-rboard/54cpu.srcs/sources_1/cpu_constraints.xdc:31]
CRITICAL WARNING: [Common 17-55] 'set_property' expects at least one object. [C:/Users/1234/Desktop/digit logical shortcut/54cpu-rboard/54cpu.srcs/sources_1/cpu_constraints.xdc:31]
Resolution: If [get_<value>] was used to populate the object, check to make sure this command returns at least one valid object.
WARNING: [Vivado 12-584] No ports matched 'sw[1]'. [C:/Users/1234/Desktop/digit logical shortcut/54cpu-rboard/54cpu.srcs/sources_1/cpu_constraints.xdc:32]
CRITICAL WARNING: [Common 17-55] 'set_property' expects at least one object. [C:/Users/1234/Desktop/digit logical shortcut/54cpu-rboard/54cpu.srcs/sources_1/cpu_constraints.xdc:32]
Resolution: If [get_<value>] was used to populate the object, check to make sure this command returns at least one valid object.
WARNING: [Vivado 12-584] No ports matched 'sw[0]'. [C:/Users/1234/Desktop/digit logical shortcut/54cpu-rboard/54cpu.srcs/sources_1/cpu_constraints.xdc:33]
CRITICAL WARNING: [Common 17-55] 'set_property' expects at least one object. [C:/Users/1234/Desktop/digit logical shortcut/54cpu-rboard/54cpu.srcs/sources_1/cpu_constraints.xdc:33]
Resolution: If [get_<value>] was used to populate the object, check to make sure this command returns at least one valid object.
WARNING: [Vivado 12-584] No ports matched 'sw[15]'. [C:/Users/1234/Desktop/digit logical shortcut/54cpu-rboard/54cpu.srcs/sources_1/cpu_constraints.xdc:39]
CRITICAL WARNING: [Common 17-55] 'set_property' expects at least one object. [C:/Users/1234/Desktop/digit logical shortcut/54cpu-rboard/54cpu.srcs/sources_1/cpu_constraints.xdc:39]
Resolution: If [get_<value>] was used to populate the object, check to make sure this command returns at least one valid object.
WARNING: [Vivado 12-584] No ports matched 'sw[14]'. [C:/Users/1234/Desktop/digit logical shortcut/54cpu-rboard/54cpu.srcs/sources_1/cpu_constraints.xdc:40]
CRITICAL WARNING: [Common 17-55] 'set_property' expects at least one object. [C:/Users/1234/Desktop/digit logical shortcut/54cpu-rboard/54cpu.srcs/sources_1/cpu_constraints.xdc:40]
Resolution: If [get_<value>] was used to populate the object, check to make sure this command returns at least one valid object.
WARNING: [Vivado 12-584] No ports matched 'sw[13]'. [C:/Users/1234/Desktop/digit logical shortcut/54cpu-rboard/54cpu.srcs/sources_1/cpu_constraints.xdc:41]
CRITICAL WARNING: [Common 17-55] 'set_property' expects at least one object. [C:/Users/1234/Desktop/digit logical shortcut/54cpu-rboard/54cpu.srcs/sources_1/cpu_constraints.xdc:41]
Resolution: If [get_<value>] was used to populate the object, check to make sure this command returns at least one valid object.
WARNING: [Vivado 12-584] No ports matched 'sw[12]'. [C:/Users/1234/Desktop/digit logical shortcut/54cpu-rboard/54cpu.srcs/sources_1/cpu_constraints.xdc:42]
CRITICAL WARNING: [Common 17-55] 'set_property' expects at least one object. [C:/Users/1234/Desktop/digit logical shortcut/54cpu-rboard/54cpu.srcs/sources_1/cpu_constraints.xdc:42]
Resolution: If [get_<value>] was used to populate the object, check to make sure this command returns at least one valid object.
WARNING: [Vivado 12-584] No ports matched 'sw[11]'. [C:/Users/1234/Desktop/digit logical shortcut/54cpu-rboard/54cpu.srcs/sources_1/cpu_constraints.xdc:43]
CRITICAL WARNING: [Common 17-55] 'set_property' expects at least one object. [C:/Users/1234/Desktop/digit logical shortcut/54cpu-rboard/54cpu.srcs/sources_1/cpu_constraints.xdc:43]
Resolution: If [get_<value>] was used to populate the object, check to make sure this command returns at least one valid object.
WARNING: [Vivado 12-584] No ports matched 'sw[10]'. [C:/Users/1234/Desktop/digit logical shortcut/54cpu-rboard/54cpu.srcs/sources_1/cpu_constraints.xdc:44]
CRITICAL WARNING: [Common 17-55] 'set_property' expects at least one object. [C:/Users/1234/Desktop/digit logical shortcut/54cpu-rboard/54cpu.srcs/sources_1/cpu_constraints.xdc:44]
Resolution: If [get_<value>] was used to populate the object, check to make sure this command returns at least one valid object.
WARNING: [Vivado 12-584] No ports matched 'sw[9]'. [C:/Users/1234/Desktop/digit logical shortcut/54cpu-rboard/54cpu.srcs/sources_1/cpu_constraints.xdc:45]
CRITICAL WARNING: [Common 17-55] 'set_property' expects at least one object. [C:/Users/1234/Desktop/digit logical shortcut/54cpu-rboard/54cpu.srcs/sources_1/cpu_constraints.xdc:45]
Resolution: If [get_<value>] was used to populate the object, check to make sure this command returns at least one valid object.
WARNING: [Vivado 12-584] No ports matched 'sw[8]'. [C:/Users/1234/Desktop/digit logical shortcut/54cpu-rboard/54cpu.srcs/sources_1/cpu_constraints.xdc:46]
CRITICAL WARNING: [Common 17-55] 'set_property' expects at least one object. [C:/Users/1234/Desktop/digit logical shortcut/54cpu-rboard/54cpu.srcs/sources_1/cpu_constraints.xdc:46]
Resolution: If [get_<value>] was used to populate the object, check to make sure this command returns at least one valid object.
WARNING: [Vivado 12-584] No ports matched 'sw[7]'. [C:/Users/1234/Desktop/digit logical shortcut/54cpu-rboard/54cpu.srcs/sources_1/cpu_constraints.xdc:47]
CRITICAL WARNING: [Common 17-55] 'set_property' expects at least one object. [C:/Users/1234/Desktop/digit logical shortcut/54cpu-rboard/54cpu.srcs/sources_1/cpu_constraints.xdc:47]
Resolution: If [get_<value>] was used to populate the object, check to make sure this command returns at least one valid object.
WARNING: [Vivado 12-584] No ports matched 'sw[6]'. [C:/Users/1234/Desktop/digit logical shortcut/54cpu-rboard/54cpu.srcs/sources_1/cpu_constraints.xdc:48]
CRITICAL WARNING: [Common 17-55] 'set_property' expects at least one object. [C:/Users/1234/Desktop/digit logical shortcut/54cpu-rboard/54cpu.srcs/sources_1/cpu_constraints.xdc:48]
Resolution: If [get_<value>] was used to populate the object, check to make sure this command returns at least one valid object.
WARNING: [Vivado 12-584] No ports matched 'sw[5]'. [C:/Users/1234/Desktop/digit logical shortcut/54cpu-rboard/54cpu.srcs/sources_1/cpu_constraints.xdc:49]
CRITICAL WARNING: [Common 17-55] 'set_property' expects at least one object. [C:/Users/1234/Desktop/digit logical shortcut/54cpu-rboard/54cpu.srcs/sources_1/cpu_constraints.xdc:49]
Resolution: If [get_<value>] was used to populate the object, check to make sure this command returns at least one valid object.
WARNING: [Vivado 12-584] No ports matched 'sw[4]'. [C:/Users/1234/Desktop/digit logical shortcut/54cpu-rboard/54cpu.srcs/sources_1/cpu_constraints.xdc:50]
CRITICAL WARNING: [Common 17-55] 'set_property' expects at least one object. [C:/Users/1234/Desktop/digit logical shortcut/54cpu-rboard/54cpu.srcs/sources_1/cpu_constraints.xdc:50]
Resolution: If [get_<value>] was used to populate the object, check to make sure this command returns at least one valid object.
WARNING: [Vivado 12-584] No ports matched 'sw[3]'. [C:/Users/1234/Desktop/digit logical shortcut/54cpu-rboard/54cpu.srcs/sources_1/cpu_constraints.xdc:51]
CRITICAL WARNING: [Common 17-55] 'set_property' expects at least one object. [C:/Users/1234/Desktop/digit logical shortcut/54cpu-rboard/54cpu.srcs/sources_1/cpu_constraints.xdc:51]
Resolution: If [get_<value>] was used to populate the object, check to make sure this command returns at least one valid object.
WARNING: [Vivado 12-584] No ports matched 'sw[2]'. [C:/Users/1234/Desktop/digit logical shortcut/54cpu-rboard/54cpu.srcs/sources_1/cpu_constraints.xdc:52]
CRITICAL WARNING: [Common 17-55] 'set_property' expects at least one object. [C:/Users/1234/Desktop/digit logical shortcut/54cpu-rboard/54cpu.srcs/sources_1/cpu_constraints.xdc:52]
Resolution: If [get_<value>] was used to populate the object, check to make sure this command returns at least one valid object.
WARNING: [Vivado 12-584] No ports matched 'sw[1]'. [C:/Users/1234/Desktop/digit logical shortcut/54cpu-rboard/54cpu.srcs/sources_1/cpu_constraints.xdc:53]
CRITICAL WARNING: [Common 17-55] 'set_property' expects at least one object. [C:/Users/1234/Desktop/digit logical shortcut/54cpu-rboard/54cpu.srcs/sources_1/cpu_constraints.xdc:53]
Resolution: If [get_<value>] was used to populate the object, check to make sure this command returns at least one valid object.
WARNING: [Vivado 12-584] No ports matched 'sw[0]'. [C:/Users/1234/Desktop/digit logical shortcut/54cpu-rboard/54cpu.srcs/sources_1/cpu_constraints.xdc:54]
CRITICAL WARNING: [Common 17-55] 'set_property' expects at least one object. [C:/Users/1234/Desktop/digit logical shortcut/54cpu-rboard/54cpu.srcs/sources_1/cpu_constraints.xdc:54]
Resolution: If [get_<value>] was used to populate the object, check to make sure this command returns at least one valid object.
WARNING: [Vivado 12-584] No ports matched 'o_sel[7]'. [C:/Users/1234/Desktop/digit logical shortcut/54cpu-rboard/54cpu.srcs/sources_1/cpu_constraints.xdc:55]
CRITICAL WARNING: [Common 17-55] 'set_property' expects at least one object. [C:/Users/1234/Desktop/digit logical shortcut/54cpu-rboard/54cpu.srcs/sources_1/cpu_constraints.xdc:55]
Resolution: If [get_<value>] was used to populate the object, check to make sure this command returns at least one valid object.
WARNING: [Vivado 12-584] No ports matched 'o_sel[6]'. [C:/Users/1234/Desktop/digit logical shortcut/54cpu-rboard/54cpu.srcs/sources_1/cpu_constraints.xdc:56]
CRITICAL WARNING: [Common 17-55] 'set_property' expects at least one object. [C:/Users/1234/Desktop/digit logical shortcut/54cpu-rboard/54cpu.srcs/sources_1/cpu_constraints.xdc:56]
Resolution: If [get_<value>] was used to populate the object, check to make sure this command returns at least one valid object.
WARNING: [Vivado 12-584] No ports matched 'o_sel[5]'. [C:/Users/1234/Desktop/digit logical shortcut/54cpu-rboard/54cpu.srcs/sources_1/cpu_constraints.xdc:57]
CRITICAL WARNING: [Common 17-55] 'set_property' expects at least one object. [C:/Users/1234/Desktop/digit logical shortcut/54cpu-rboard/54cpu.srcs/sources_1/cpu_constraints.xdc:57]
Resolution: If [get_<value>] was used to populate the object, check to make sure this command returns at least one valid object.
WARNING: [Vivado 12-584] No ports matched 'o_sel[4]'. [C:/Users/1234/Desktop/digit logical shortcut/54cpu-rboard/54cpu.srcs/sources_1/cpu_constraints.xdc:58]
CRITICAL WARNING: [Common 17-55] 'set_property' expects at least one object. [C:/Users/1234/Desktop/digit logical shortcut/54cpu-rboard/54cpu.srcs/sources_1/cpu_constraints.xdc:58]
Resolution: If [get_<value>] was used to populate the object, check to make sure this command returns at least one valid object.
WARNING: [Vivado 12-584] No ports matched 'o_sel[3]'. [C:/Users/1234/Desktop/digit logical shortcut/54cpu-rboard/54cpu.srcs/sources_1/cpu_constraints.xdc:59]
CRITICAL WARNING: [Common 17-55] 'set_property' expects at least one object. [C:/Users/1234/Desktop/digit logical shortcut/54cpu-rboard/54cpu.srcs/sources_1/cpu_constraints.xdc:59]
Resolution: If [get_<value>] was used to populate the object, check to make sure this command returns at least one valid object.
WARNING: [Vivado 12-584] No ports matched 'o_sel[2]'. [C:/Users/1234/Desktop/digit logical shortcut/54cpu-rboard/54cpu.srcs/sources_1/cpu_constraints.xdc:60]
CRITICAL WARNING: [Common 17-55] 'set_property' expects at least one object. [C:/Users/1234/Desktop/digit logical shortcut/54cpu-rboard/54cpu.srcs/sources_1/cpu_constraints.xdc:60]
Resolution: If [get_<value>] was used to populate the object, check to make sure this command returns at least one valid object.
WARNING: [Vivado 12-584] No ports matched 'o_sel[1]'. [C:/Users/1234/Desktop/digit logical shortcut/54cpu-rboard/54cpu.srcs/sources_1/cpu_constraints.xdc:61]
CRITICAL WARNING: [Common 17-55] 'set_property' expects at least one object. [C:/Users/1234/Desktop/digit logical shortcut/54cpu-rboard/54cpu.srcs/sources_1/cpu_constraints.xdc:61]
Resolution: If [get_<value>] was used to populate the object, check to make sure this command returns at least one valid object.
WARNING: [Vivado 12-584] No ports matched 'o_sel[0]'. [C:/Users/1234/Desktop/digit logical shortcut/54cpu-rboard/54cpu.srcs/sources_1/cpu_constraints.xdc:62]
CRITICAL WARNING: [Common 17-55] 'set_property' expects at least one object. [C:/Users/1234/Desktop/digit logical shortcut/54cpu-rboard/54cpu.srcs/sources_1/cpu_constraints.xdc:62]
Resolution: If [get_<value>] was used to populate the object, check to make sure this command returns at least one valid object.
WARNING: [Vivado 12-584] No ports matched 'o_seg[7]'. [C:/Users/1234/Desktop/digit logical shortcut/54cpu-rboard/54cpu.srcs/sources_1/cpu_constraints.xdc:65]
CRITICAL WARNING: [Common 17-55] 'set_property' expects at least one object. [C:/Users/1234/Desktop/digit logical shortcut/54cpu-rboard/54cpu.srcs/sources_1/cpu_constraints.xdc:65]
Resolution: If [get_<value>] was used to populate the object, check to make sure this command returns at least one valid object.
WARNING: [Vivado 12-584] No ports matched 'o_seg[6]'. [C:/Users/1234/Desktop/digit logical shortcut/54cpu-rboard/54cpu.srcs/sources_1/cpu_constraints.xdc:66]
CRITICAL WARNING: [Common 17-55] 'set_property' expects at least one object. [C:/Users/1234/Desktop/digit logical shortcut/54cpu-rboard/54cpu.srcs/sources_1/cpu_constraints.xdc:66]
Resolution: If [get_<value>] was used to populate the object, check to make sure this command returns at least one valid object.
WARNING: [Vivado 12-584] No ports matched 'o_seg[5]'. [C:/Users/1234/Desktop/digit logical shortcut/54cpu-rboard/54cpu.srcs/sources_1/cpu_constraints.xdc:67]
CRITICAL WARNING: [Common 17-55] 'set_property' expects at least one object. [C:/Users/1234/Desktop/digit logical shortcut/54cpu-rboard/54cpu.srcs/sources_1/cpu_constraints.xdc:67]
Resolution: If [get_<value>] was used to populate the object, check to make sure this command returns at least one valid object.
WARNING: [Vivado 12-584] No ports matched 'o_seg[4]'. [C:/Users/1234/Desktop/digit logical shortcut/54cpu-rboard/54cpu.srcs/sources_1/cpu_constraints.xdc:68]
CRITICAL WARNING: [Common 17-55] 'set_property' expects at least one object. [C:/Users/1234/Desktop/digit logical shortcut/54cpu-rboard/54cpu.srcs/sources_1/cpu_constraints.xdc:68]
Resolution: If [get_<value>] was used to populate the object, check to make sure this command returns at least one valid object.
WARNING: [Vivado 12-584] No ports matched 'o_seg[3]'. [C:/Users/1234/Desktop/digit logical shortcut/54cpu-rboard/54cpu.srcs/sources_1/cpu_constraints.xdc:69]
CRITICAL WARNING: [Common 17-55] 'set_property' expects at least one object. [C:/Users/1234/Desktop/digit logical shortcut/54cpu-rboard/54cpu.srcs/sources_1/cpu_constraints.xdc:69]
Resolution: If [get_<value>] was used to populate the object, check to make sure this command returns at least one valid object.
WARNING: [Vivado 12-584] No ports matched 'o_seg[2]'. [C:/Users/1234/Desktop/digit logical shortcut/54cpu-rboard/54cpu.srcs/sources_1/cpu_constraints.xdc:70]
CRITICAL WARNING: [Common 17-55] 'set_property' expects at least one object. [C:/Users/1234/Desktop/digit logical shortcut/54cpu-rboard/54cpu.srcs/sources_1/cpu_constraints.xdc:70]
Resolution: If [get_<value>] was used to populate the object, check to make sure this command returns at least one valid object.
WARNING: [Vivado 12-584] No ports matched 'o_seg[1]'. [C:/Users/1234/Desktop/digit logical shortcut/54cpu-rboard/54cpu.srcs/sources_1/cpu_constraints.xdc:71]
CRITICAL WARNING: [Common 17-55] 'set_property' expects at least one object. [C:/Users/1234/Desktop/digit logical shortcut/54cpu-rboard/54cpu.srcs/sources_1/cpu_constraints.xdc:71]
Resolution: If [get_<value>] was used to populate the object, check to make sure this command returns at least one valid object.
WARNING: [Vivado 12-584] No ports matched 'o_seg[0]'. [C:/Users/1234/Desktop/digit logical shortcut/54cpu-rboard/54cpu.srcs/sources_1/cpu_constraints.xdc:72]
CRITICAL WARNING: [Common 17-55] 'set_property' expects at least one object. [C:/Users/1234/Desktop/digit logical shortcut/54cpu-rboard/54cpu.srcs/sources_1/cpu_constraints.xdc:72]
Resolution: If [get_<value>] was used to populate the object, check to make sure this command returns at least one valid object.
Finished Parsing XDC File [C:/Users/1234/Desktop/digit logical shortcut/54cpu-rboard/54cpu.srcs/sources_1/cpu_constraints.xdc]
INFO: [Project 1-538] Using original IP XDC constraints instead of the XDC constraints in dcp 'c:/Users/1234/Desktop/digit logical shortcut/54cpu-rboard/54cpu.srcs/sources_1/ip/imem/imem.dcp'
INFO: [Opt 31-138] Pushed 0 inverter(s) to 0 load pin(s).
INFO: [Project 1-111] Unisim Transformation Summary:
  A total of 128 instances were transformed.
  RAM256X1S => RAM256X1S (MUXF7, MUXF7, MUXF8, RAMS64E, RAMS64E, RAMS64E, RAMS64E): 128 instances

ERROR: [Vivado 12-106] *** Exception: java.lang.ArrayIndexOutOfBoundsException: 59 (See C:/Users/1234/Desktop/digit logical shortcut/54cpu-rboard/vivado_pid15752.debug)
open_run: Time (s): cpu = 00:00:18 ; elapsed = 00:00:27 . Memory (MB): peak = 1191.609 ; gain = 334.727
ERROR: [Common 17-39] 'open_run' failed due to earlier errors.
reset_run synth_1
launch_runs impl_1 -to_step write_bitstream -jobs 2
WARNING: [Project 1-478] Design 'synth_1' is stale and will not be used when launching 'impl_1'
[Thu Jul 08 13:40:34 2021] Launched synth_1...
Run output will be captured here: C:/Users/1234/Desktop/digit logical shortcut/54cpu-rboard/54cpu.runs/synth_1/runme.log
[Thu Jul 08 13:40:34 2021] Launched impl_1...
Run output will be captured here: C:/Users/1234/Desktop/digit logical shortcut/54cpu-rboard/54cpu.runs/impl_1/runme.log
open_hw
connect_hw_server
INFO: [Labtools 27-2285] Connecting to hw_server url TCP:localhost:3121
INFO: [Labtools 27-2222] Launching hw_server...
INFO: [Labtools 27-2221] Launch Output:

****** Xilinx hw_server v2016.2
  **** Build date : Jun  2 2016-16:57:03
    ** Copyright 1986-2016 Xilinx, Inc. All Rights Reserved.


connect_hw_server: Time (s): cpu = 00:00:01 ; elapsed = 00:00:06 . Memory (MB): peak = 1213.422 ; gain = 0.000
open_hw_target
INFO: [Labtoolstcl 44-466] Opening hw_target localhost:3121/xilinx_tcf/Digilent/210292710476A
set_property PROGRAM.FILE {C:/Users/1234/Desktop/digit logical shortcut/54cpu-rboard/54cpu.runs/impl_1/sccomp_dataflow.bit} [lindex [get_hw_devices] 0]
current_hw_device [lindex [get_hw_devices] 0]
refresh_hw_device -update_hw_probes false [lindex [get_hw_devices] 0]
INFO: [Labtools 27-1435] Device xc7a100t (JTAG device index = 0) is not programmed (DONE status = 0).
set_property PROBES.FILE {} [lindex [get_hw_devices] 0]
set_property PROGRAM.FILE {C:/Users/1234/Desktop/digit logical shortcut/54cpu-rboard/54cpu.runs/impl_1/sccomp_dataflow.bit} [lindex [get_hw_devices] 0]
program_hw_devices [lindex [get_hw_devices] 0]
INFO: [Labtools 27-3164] End of startup status: HIGH
refresh_hw_device [lindex [get_hw_devices] 0]
INFO: [Labtools 27-1434] Device xc7a100t (JTAG device index = 0) is programmed with a design that has no supported debug core(s) in it.
WARNING: [Labtools 27-3123] The debug hub core was not detected at User Scan Chain 1 or 3.
Resolution: 
1. Make sure the clock connected to the debug hub (dbg_hub) core is a free running clock and is active OR
2. Manually launch hw_server with -e "set xsdb-user-bscan <C_USER_SCAN_CHAIN scan_chain_number>" to detect the debug hub at User Scan Chain of 2 or 4. To determine the user scan chain setting, open the implemented design and use: get_property C_USER_SCAN_CHAIN [get_debug_cores dbg_hub].
set_property PROBES.FILE {} [lindex [get_hw_devices] 0]
set_property PROGRAM.FILE {C:/Users/1234/Desktop/digit logical shortcut/54cpu-rboard/54cpu.runs/impl_1/sccomp_dataflow.bit} [lindex [get_hw_devices] 0]
program_hw_devices [lindex [get_hw_devices] 0]
INFO: [Labtools 27-3164] End of startup status: HIGH
refresh_hw_device [lindex [get_hw_devices] 0]
INFO: [Labtools 27-1434] Device xc7a100t (JTAG device index = 0) is programmed with a design that has no supported debug core(s) in it.
WARNING: [Labtools 27-3123] The debug hub core was not detected at User Scan Chain 1 or 3.
Resolution: 
1. Make sure the clock connected to the debug hub (dbg_hub) core is a free running clock and is active OR
2. Manually launch hw_server with -e "set xsdb-user-bscan <C_USER_SCAN_CHAIN scan_chain_number>" to detect the debug hub at User Scan Chain of 2 or 4. To determine the user scan chain setting, open the implemented design and use: get_property C_USER_SCAN_CHAIN [get_debug_cores dbg_hub].
refresh_hw_device [lindex [get_hw_devices] 0]
INFO: [Labtools 27-1434] Device xc7a100t (JTAG device index = 0) is programmed with a design that has no supported debug core(s) in it.
WARNING: [Labtools 27-3123] The debug hub core was not detected at User Scan Chain 1 or 3.
Resolution: 
1. Make sure the clock connected to the debug hub (dbg_hub) core is a free running clock and is active OR
2. Manually launch hw_server with -e "set xsdb-user-bscan <C_USER_SCAN_CHAIN scan_chain_number>" to detect the debug hub at User Scan Chain of 2 or 4. To determine the user scan chain setting, open the implemented design and use: get_property C_USER_SCAN_CHAIN [get_debug_cores dbg_hub].
ERROR: [Labtoolstcl 44-513] HW Target shutdown. Closing target: localhost:3121/xilinx_tcf/Digilent/210292710476A
close_hw
ERROR: [Vivado 12-106] *** Exception: java.lang.ArrayIndexOutOfBoundsException: 59 (See C:/Users/1234/Desktop/digit logical shortcut/54cpu-rboard/vivado_pid15752.debug)
ERROR: [Common 17-39] 'close_hw' failed due to earlier errors.
ERROR: [Vivado 12-106] *** Exception: java.lang.NullPointerException (See C:/Users/1234/Desktop/digit logical shortcut/54cpu-rboard/vivado_pid15752.debug)
close_hw
ERROR: [Vivado 12-106] *** Exception: java.lang.ArrayIndexOutOfBoundsException: 59 (See C:/Users/1234/Desktop/digit logical shortcut/54cpu-rboard/vivado_pid15752.debug)
ERROR: [Common 17-39] 'close_hw' failed due to earlier errors.
close_hw
ERROR: [Vivado 12-106] *** Exception: java.lang.ArrayIndexOutOfBoundsException: 59 (See C:/Users/1234/Desktop/digit logical shortcut/54cpu-rboard/vivado_pid15752.debug)
ERROR: [Common 17-39] 'close_hw' failed due to earlier errors.
ERROR: [Vivado 12-106] *** Exception: java.lang.NullPointerException (See C:/Users/1234/Desktop/digit logical shortcut/54cpu-rboard/vivado_pid15752.debug)
ERROR: [Vivado 12-106] *** Exception: java.lang.NullPointerException (See C:/Users/1234/Desktop/digit logical shortcut/54cpu-rboard/vivado_pid15752.debug)
ERROR: [Vivado 12-106] *** Exception: java.lang.NullPointerException (See C:/Users/1234/Desktop/digit logical shortcut/54cpu-rboard/vivado_pid15752.debug)
ERROR: [Vivado 12-106] *** Exception: java.lang.NullPointerException (See C:/Users/1234/Desktop/digit logical shortcut/54cpu-rboard/vivado_pid15752.debug)
ERROR: [Vivado 12-106] *** Exception: java.lang.NullPointerException (See C:/Users/1234/Desktop/digit logical shortcut/54cpu-rboard/vivado_pid15752.debug)
ERROR: [Vivado 12-106] *** Exception: java.lang.NullPointerException (See C:/Users/1234/Desktop/digit logical shortcut/54cpu-rboard/vivado_pid15752.debug)
ERROR: [Vivado 12-106] *** Exception: java.lang.NullPointerException (See C:/Users/1234/Desktop/digit logical shortcut/54cpu-rboard/vivado_pid15752.debug)
ERROR: [Vivado 12-106] *** Exception: java.lang.NullPointerException (See C:/Users/1234/Desktop/digit logical shortcut/54cpu-rboard/vivado_pid15752.debug)
ERROR: [Vivado 12-106] *** Exception: java.lang.NullPointerException (See C:/Users/1234/Desktop/digit logical shortcut/54cpu-rboard/vivado_pid15752.debug)
ERROR: [Vivado 12-106] *** Exception: java.lang.NullPointerException (See C:/Users/1234/Desktop/digit logical shortcut/54cpu-rboard/vivado_pid15752.debug)
ERROR: [Vivado 12-106] *** Exception: java.lang.NullPointerException (See C:/Users/1234/Desktop/digit logical shortcut/54cpu-rboard/vivado_pid15752.debug)
ERROR: [Vivado 12-106] *** Exception: java.lang.NullPointerException (See C:/Users/1234/Desktop/digit logical shortcut/54cpu-rboard/vivado_pid15752.debug)
