# do {sccomp_dataflow_compile.do}
# Model Technology ModelSim PE vmap 10.4c Lib Mapping Utility 2015.07 Jul 20 2015
# vmap xil_defaultlib msim/xil_defaultlib 
# Modifying modelsim.ini
# ** Warning: (vlog-159) Mode option -64 is not supported in this context and will be ignored.
# 
# Model Technology ModelSim PE vlog 10.4c Compiler 2015.07 Jul 20 2015
# Start time: 19:51:51 on Jun 16,2021
# vlog -64 -incr -work xil_defaultlib sccomp_dataflow_func_synth.v 
# -- Compiling module imem
# -- Compiling module CP0
# -- Compiling module DIV
# -- Compiling module DIVU
# -- Compiling module MULTU
# -- Compiling module cpu
# -- Compiling module dmem
# -- Compiling module hiloreg
# -- Compiling module hiloreg_2
# -- Compiling module mux_16_1
# -- Compiling module mux_4_1
# -- Compiling module mux_4_1_0
# -- Compiling module mux_4_1_1
# -- Compiling module mux_4_1_5bit
# -- Compiling module mux_8_1
# -- Compiling module mux_8_1_3
# -- Compiling module pcreg
# -- Compiling module regfile
# -- Compiling module sccomp_dataflow
# -- Compiling module imem_dist_mem_gen_v8_0_10
# -- Compiling module glbl
# 
# Top level modules:
# 	sccomp_dataflow
# 	glbl
# End time: 19:51:52 on Jun 16,2021, Elapsed time: 0:00:01
# Errors: 0, Warnings: 1
