# do {sccomp_dataflow_simulate.do}
# vsim -voptargs=""+acc"" -L unisims_ver -L secureip -L xil_defaultlib -lib xil_defaultlib xil_defaultlib.sccomp_dataflow xil_defaultlib.glbl 
# Start time: 19:52:00 on Jun 16,2021
# //  ModelSim PE 10.4c Jul 20 2015 
# //
# //  Copyright 1991-2015 Mentor Graphics Corporation
# //  All Rights Reserved.
# //
# //  THIS WORK CONTAINS TRADE SECRET AND PROPRIETARY INFORMATION
# //  WHICH IS THE PROPERTY OF MENTOR GRAPHICS CORPORATION OR ITS
# //  LICENSORS AND IS SUBJECT TO LICENSE TERMS.
# //  THIS DOCUMENT CONTAINS TRADE SECRETS AND COMMERCIAL OR FINANCIAL
# //  INFORMATION THAT ARE PRIVILEGED, CONFIDENTIAL, AND EXEMPT FROM
# //  DISCLOSURE UNDER THE FREEDOM OF INFORMATION ACT, 5 U.S.C. SECTION 552.
# //  FURTHERMORE, THIS INFORMATION IS PROHIBITED FROM DISCLOSURE UNDER
# //  THE TRADE SECRETS ACT, 18 U.S.C. SECTION 1905.
# //
# Loading xil_defaultlib.sccomp_dataflow
# Loading unisims_ver.BUFG
# Loading unisims_ver.IBUF
# Loading unisims_ver.LUT1
# Loading xil_defaultlib.dmem
# Loading unisims_ver.LUT2
# Loading unisims_ver.LUT6
# Loading unisims_ver.LUT4
# Loading unisims_ver.LUT5
# Loading unisims_ver.RAM256X1S
# Loading xil_defaultlib.imem
# Loading xil_defaultlib.imem_dist_mem_gen_v8_0_10
# Loading unisims_ver.GND
# Loading unisims_ver.LUT3
# Loading unisims_ver.MUXF7
# Loading unisims_ver.MUXF8
# Loading unisims_ver.OBUF
# Loading xil_defaultlib.cpu
# Loading xil_defaultlib.mux_4_1
# Loading xil_defaultlib.mux_8_1
# Loading xil_defaultlib.CP0
# Loading unisims_ver.FDCE
# Loading xil_defaultlib.regfile
# Loading unisims_ver.CARRY4
# Loading xil_defaultlib.DIV
# Loading unisims_ver.FDRE
# Loading xil_defaultlib.DIVU
# Loading xil_defaultlib.mux_4_1_0
# Loading xil_defaultlib.hiloreg
# Loading unisims_ver.FDPE
# Loading xil_defaultlib.mux_4_1_1
# Loading xil_defaultlib.hiloreg_2
# Loading xil_defaultlib.MULTU
# Loading unisims_ver.DSP48E1
# Loading xil_defaultlib.mux_8_1_3
# Loading xil_defaultlib.pcreg
# Loading xil_defaultlib.mux_4_1_5bit
# Loading xil_defaultlib.mux_16_1
# Loading xil_defaultlib.glbl
# Loading unisims_ver.x_lut1_mux2
# Loading unisims_ver.x_lut2_mux4
# Loading unisims_ver.x_lut3_mux4
# Loading unisims_ver.ffsrce_fdce
# Loading unisims_ver.sffsrce_fdre
# Loading unisims_ver.ffsrce_fdpe
# .main_pane.wave.interior.cs.body.pw.wf
# .main_pane.structure.interior.cs.body.struct
# .main_pane.objects.interior.cs.body.tree
# End time: 19:52:23 on Jun 16,2021, Elapsed time: 0:00:23
# Errors: 0, Warnings: 0
